Using pip 25.3 from /home/jules/.pyenv/versions/3.12.12/lib/python3.12/site-packages/pip (python 3.12)
Obtaining file:///app
  Installing build dependencies: started
  Running command installing build dependencies
  Using pip 25.3 from /home/jules/.pyenv/versions/3.12.12/lib/python3.12/site-packages/pip (python 3.12)
  Collecting setuptools>=42
    Obtaining dependency information for setuptools>=42 from https://files.pythonhosted.org/packages/a3/dc/17031897dae0efacfea57dfd3a82fdd2a2aeb58e0ff71b77b87e44edc772/setuptools-80.9.0-py3-none-any.whl.metadata
    Using cached setuptools-80.9.0-py3-none-any.whl.metadata (6.6 kB)
  Collecting wheel
    Obtaining dependency information for wheel from https://files.pythonhosted.org/packages/0b/2c/87f3254fd8ffd29e4c02732eee68a83a1d3c346ae39bc6822dcbcb697f2b/wheel-0.45.1-py3-none-any.whl.metadata
    Using cached wheel-0.45.1-py3-none-any.whl.metadata (2.3 kB)
  Collecting torch
    Obtaining dependency information for torch from https://files.pythonhosted.org/packages/19/17/e377a460603132b00760511299fceba4102bd95db1a0ee788da21298ccff/torch-2.9.1-cp312-cp312-manylinux_2_28_x86_64.whl.metadata
    Using cached torch-2.9.1-cp312-cp312-manylinux_2_28_x86_64.whl.metadata (30 kB)
    Link requires a different Python (3.12.12 not in: '>=3.7,<3.11'): https://files.pythonhosted.org/packages/3a/be/650f9c091ef71cb01d735775d554e068752d3ff63d7943b26316dc401749/numpy-1.21.2.zip (from https://pypi.org/simple/numpy/) (requires-python:>=3.7,<3.11)
    Link requires a different Python (3.12.12 not in: '>=3.7,<3.11'): https://files.pythonhosted.org/packages/5f/d6/ad58ded26556eaeaa8c971e08b6466f17c4ac4d786cd3d800e26ce59cc01/numpy-1.21.3.zip (from https://pypi.org/simple/numpy/) (requires-python:>=3.7,<3.11)
    Link requires a different Python (3.12.12 not in: '>=3.7,<3.11'): https://files.pythonhosted.org/packages/fb/48/b0708ebd7718a8933f0d3937513ef8ef2f4f04529f1f66ca86d873043921/numpy-1.21.4.zip (from https://pypi.org/simple/numpy/) (requires-python:>=3.7,<3.11)
    Link requires a different Python (3.12.12 not in: '>=3.7,<3.11'): https://files.pythonhosted.org/packages/c2/a8/a924a09492bdfee8c2ec3094d0a13f2799800b4fdc9c890738aeeb12c72e/numpy-1.21.5.zip (from https://pypi.org/simple/numpy/) (requires-python:>=3.7,<3.11)
    Link requires a different Python (3.12.12 not in: '>=3.7,<3.11'): https://files.pythonhosted.org/packages/45/b7/de7b8e67f2232c26af57c205aaad29fe17754f793404f59c8a730c7a191a/numpy-1.21.6.zip (from https://pypi.org/simple/numpy/) (requires-python:>=3.7,<3.11)
  Collecting numpy
    Obtaining dependency information for numpy from https://files.pythonhosted.org/packages/67/64/4cb909dd5ab09a9a5d086eff9586e69e827b88a5585517386879474f4cf7/numpy-2.4.0-cp312-cp312-manylinux_2_27_x86_64.manylinux_2_28_x86_64.whl.metadata
    Using cached numpy-2.4.0-cp312-cp312-manylinux_2_27_x86_64.manylinux_2_28_x86_64.whl.metadata (6.6 kB)
  Collecting filelock (from torch)
    Obtaining dependency information for filelock from https://files.pythonhosted.org/packages/e3/7f/a1a97644e39e7316d850784c642093c99df1290a460df4ede27659056834/filelock-3.20.1-py3-none-any.whl.metadata
    Using cached filelock-3.20.1-py3-none-any.whl.metadata (2.1 kB)
  Collecting typing-extensions>=4.10.0 (from torch)
    Obtaining dependency information for typing-extensions>=4.10.0 from https://files.pythonhosted.org/packages/18/67/36e9267722cc04a6b9f15c7f3441c2363321a3ea07da7ae0c0707beb2a9c/typing_extensions-4.15.0-py3-none-any.whl.metadata
    Using cached typing_extensions-4.15.0-py3-none-any.whl.metadata (3.3 kB)
  Collecting sympy>=1.13.3 (from torch)
    Obtaining dependency information for sympy>=1.13.3 from https://files.pythonhosted.org/packages/a2/09/77d55d46fd61b4a135c444fc97158ef34a095e5681d0a6c10b75bf356191/sympy-1.14.0-py3-none-any.whl.metadata
    Using cached sympy-1.14.0-py3-none-any.whl.metadata (12 kB)
  Collecting networkx>=2.5.1 (from torch)
    Obtaining dependency information for networkx>=2.5.1 from https://files.pythonhosted.org/packages/9e/c9/b2622292ea83fbb4ec318f5b9ab867d0a28ab43c5717bb85b0a5f6b3b0a4/networkx-3.6.1-py3-none-any.whl.metadata
    Using cached networkx-3.6.1-py3-none-any.whl.metadata (6.8 kB)
  Collecting jinja2 (from torch)
    Obtaining dependency information for jinja2 from https://files.pythonhosted.org/packages/62/a1/3d680cbfd5f4b8f15abc1d571870c5fc3e594bb582bc3b64ea099db13e56/jinja2-3.1.6-py3-none-any.whl.metadata
    Using cached jinja2-3.1.6-py3-none-any.whl.metadata (2.9 kB)
  Collecting fsspec>=0.8.5 (from torch)
    Obtaining dependency information for fsspec>=0.8.5 from https://files.pythonhosted.org/packages/51/c7/b64cae5dba3a1b138d7123ec36bb5ccd39d39939f18454407e5468f4763f/fsspec-2025.12.0-py3-none-any.whl.metadata
    Using cached fsspec-2025.12.0-py3-none-any.whl.metadata (10 kB)
  Collecting nvidia-cuda-nvrtc-cu12==12.8.93 (from torch)
    Obtaining dependency information for nvidia-cuda-nvrtc-cu12==12.8.93 from https://files.pythonhosted.org/packages/05/6b/32f747947df2da6994e999492ab306a903659555dddc0fbdeb9d71f75e52/nvidia_cuda_nvrtc_cu12-12.8.93-py3-none-manylinux2010_x86_64.manylinux_2_12_x86_64.whl.metadata
    Using cached nvidia_cuda_nvrtc_cu12-12.8.93-py3-none-manylinux2010_x86_64.manylinux_2_12_x86_64.whl.metadata (1.7 kB)
  Collecting nvidia-cuda-runtime-cu12==12.8.90 (from torch)
    Obtaining dependency information for nvidia-cuda-runtime-cu12==12.8.90 from https://files.pythonhosted.org/packages/0d/9b/a997b638fcd068ad6e4d53b8551a7d30fe8b404d6f1804abf1df69838932/nvidia_cuda_runtime_cu12-12.8.90-py3-none-manylinux2014_x86_64.manylinux_2_17_x86_64.whl.metadata
    Using cached nvidia_cuda_runtime_cu12-12.8.90-py3-none-manylinux2014_x86_64.manylinux_2_17_x86_64.whl.metadata (1.7 kB)
  Collecting nvidia-cuda-cupti-cu12==12.8.90 (from torch)
    Obtaining dependency information for nvidia-cuda-cupti-cu12==12.8.90 from https://files.pythonhosted.org/packages/f8/02/2adcaa145158bf1a8295d83591d22e4103dbfd821bcaf6f3f53151ca4ffa/nvidia_cuda_cupti_cu12-12.8.90-py3-none-manylinux2014_x86_64.manylinux_2_17_x86_64.whl.metadata
    Using cached nvidia_cuda_cupti_cu12-12.8.90-py3-none-manylinux2014_x86_64.manylinux_2_17_x86_64.whl.metadata (1.7 kB)
  Collecting nvidia-cudnn-cu12==9.10.2.21 (from torch)
    Obtaining dependency information for nvidia-cudnn-cu12==9.10.2.21 from https://files.pythonhosted.org/packages/ba/51/e123d997aa098c61d029f76663dedbfb9bc8dcf8c60cbd6adbe42f76d049/nvidia_cudnn_cu12-9.10.2.21-py3-none-manylinux_2_27_x86_64.whl.metadata
    Using cached nvidia_cudnn_cu12-9.10.2.21-py3-none-manylinux_2_27_x86_64.whl.metadata (1.8 kB)
  Collecting nvidia-cublas-cu12==12.8.4.1 (from torch)
    Obtaining dependency information for nvidia-cublas-cu12==12.8.4.1 from https://files.pythonhosted.org/packages/dc/61/e24b560ab2e2eaeb3c839129175fb330dfcfc29e5203196e5541a4c44682/nvidia_cublas_cu12-12.8.4.1-py3-none-manylinux_2_27_x86_64.whl.metadata
    Using cached nvidia_cublas_cu12-12.8.4.1-py3-none-manylinux_2_27_x86_64.whl.metadata (1.7 kB)
  Collecting nvidia-cufft-cu12==11.3.3.83 (from torch)
    Obtaining dependency information for nvidia-cufft-cu12==11.3.3.83 from https://files.pythonhosted.org/packages/1f/13/ee4e00f30e676b66ae65b4f08cb5bcbb8392c03f54f2d5413ea99a5d1c80/nvidia_cufft_cu12-11.3.3.83-py3-none-manylinux2014_x86_64.manylinux_2_17_x86_64.whl.metadata
    Using cached nvidia_cufft_cu12-11.3.3.83-py3-none-manylinux2014_x86_64.manylinux_2_17_x86_64.whl.metadata (1.7 kB)
  Collecting nvidia-curand-cu12==10.3.9.90 (from torch)
    Obtaining dependency information for nvidia-curand-cu12==10.3.9.90 from https://files.pythonhosted.org/packages/fb/aa/6584b56dc84ebe9cf93226a5cde4d99080c8e90ab40f0c27bda7a0f29aa1/nvidia_curand_cu12-10.3.9.90-py3-none-manylinux_2_27_x86_64.whl.metadata
    Using cached nvidia_curand_cu12-10.3.9.90-py3-none-manylinux_2_27_x86_64.whl.metadata (1.7 kB)
  Collecting nvidia-cusolver-cu12==11.7.3.90 (from torch)
    Obtaining dependency information for nvidia-cusolver-cu12==11.7.3.90 from https://files.pythonhosted.org/packages/85/48/9a13d2975803e8cf2777d5ed57b87a0b6ca2cc795f9a4f59796a910bfb80/nvidia_cusolver_cu12-11.7.3.90-py3-none-manylinux_2_27_x86_64.whl.metadata
    Using cached nvidia_cusolver_cu12-11.7.3.90-py3-none-manylinux_2_27_x86_64.whl.metadata (1.8 kB)
  Collecting nvidia-cusparse-cu12==12.5.8.93 (from torch)
    Obtaining dependency information for nvidia-cusparse-cu12==12.5.8.93 from https://files.pythonhosted.org/packages/c2/f5/e1854cb2f2bcd4280c44736c93550cc300ff4b8c95ebe370d0aa7d2b473d/nvidia_cusparse_cu12-12.5.8.93-py3-none-manylinux2014_x86_64.manylinux_2_17_x86_64.whl.metadata
    Using cached nvidia_cusparse_cu12-12.5.8.93-py3-none-manylinux2014_x86_64.manylinux_2_17_x86_64.whl.metadata (1.8 kB)
  Collecting nvidia-cusparselt-cu12==0.7.1 (from torch)
    Obtaining dependency information for nvidia-cusparselt-cu12==0.7.1 from https://files.pythonhosted.org/packages/56/79/12978b96bd44274fe38b5dde5cfb660b1d114f70a65ef962bcbbed99b549/nvidia_cusparselt_cu12-0.7.1-py3-none-manylinux2014_x86_64.whl.metadata
    Using cached nvidia_cusparselt_cu12-0.7.1-py3-none-manylinux2014_x86_64.whl.metadata (7.0 kB)
  Collecting nvidia-nccl-cu12==2.27.5 (from torch)
    Obtaining dependency information for nvidia-nccl-cu12==2.27.5 from https://files.pythonhosted.org/packages/6e/89/f7a07dc961b60645dbbf42e80f2bc85ade7feb9a491b11a1e973aa00071f/nvidia_nccl_cu12-2.27.5-py3-none-manylinux2014_x86_64.manylinux_2_17_x86_64.whl.metadata
    Using cached nvidia_nccl_cu12-2.27.5-py3-none-manylinux2014_x86_64.manylinux_2_17_x86_64.whl.metadata (2.0 kB)
  Collecting nvidia-nvshmem-cu12==3.3.20 (from torch)
    Obtaining dependency information for nvidia-nvshmem-cu12==3.3.20 from https://files.pythonhosted.org/packages/3b/6c/99acb2f9eb85c29fc6f3a7ac4dccfd992e22666dd08a642b303311326a97/nvidia_nvshmem_cu12-3.3.20-py3-none-manylinux2014_x86_64.manylinux_2_17_x86_64.whl.metadata
    Using cached nvidia_nvshmem_cu12-3.3.20-py3-none-manylinux2014_x86_64.manylinux_2_17_x86_64.whl.metadata (2.1 kB)
  Collecting nvidia-nvtx-cu12==12.8.90 (from torch)
    Obtaining dependency information for nvidia-nvtx-cu12==12.8.90 from https://files.pythonhosted.org/packages/a2/eb/86626c1bbc2edb86323022371c39aa48df6fd8b0a1647bc274577f72e90b/nvidia_nvtx_cu12-12.8.90-py3-none-manylinux2014_x86_64.manylinux_2_17_x86_64.whl.metadata
    Using cached nvidia_nvtx_cu12-12.8.90-py3-none-manylinux2014_x86_64.manylinux_2_17_x86_64.whl.metadata (1.8 kB)
  Collecting nvidia-nvjitlink-cu12==12.8.93 (from torch)
    Obtaining dependency information for nvidia-nvjitlink-cu12==12.8.93 from https://files.pythonhosted.org/packages/f6/74/86a07f1d0f42998ca31312f998bd3b9a7eff7f52378f4f270c8679c77fb9/nvidia_nvjitlink_cu12-12.8.93-py3-none-manylinux2010_x86_64.manylinux_2_12_x86_64.whl.metadata
    Using cached nvidia_nvjitlink_cu12-12.8.93-py3-none-manylinux2010_x86_64.manylinux_2_12_x86_64.whl.metadata (1.7 kB)
  Collecting nvidia-cufile-cu12==1.13.1.3 (from torch)
    Obtaining dependency information for nvidia-cufile-cu12==1.13.1.3 from https://files.pythonhosted.org/packages/bb/fe/1bcba1dfbfb8d01be8d93f07bfc502c93fa23afa6fd5ab3fc7c1df71038a/nvidia_cufile_cu12-1.13.1.3-py3-none-manylinux2014_x86_64.manylinux_2_17_x86_64.whl.metadata
    Using cached nvidia_cufile_cu12-1.13.1.3-py3-none-manylinux2014_x86_64.manylinux_2_17_x86_64.whl.metadata (1.7 kB)
  Collecting triton==3.5.1 (from torch)
    Obtaining dependency information for triton==3.5.1 from https://files.pythonhosted.org/packages/f2/50/9a8358d3ef58162c0a415d173cfb45b67de60176e1024f71fbc4d24c0b6d/triton-3.5.1-cp312-cp312-manylinux_2_27_x86_64.manylinux_2_28_x86_64.whl.metadata
    Using cached triton-3.5.1-cp312-cp312-manylinux_2_27_x86_64.manylinux_2_28_x86_64.whl.metadata (1.7 kB)
  Collecting mpmath<1.4,>=1.1.0 (from sympy>=1.13.3->torch)
    Obtaining dependency information for mpmath<1.4,>=1.1.0 from https://files.pythonhosted.org/packages/43/e3/7d92a15f894aa0c9c4b49b8ee9ac9850d6e63b03c9c32c0367a13ae62209/mpmath-1.3.0-py3-none-any.whl.metadata
    Using cached mpmath-1.3.0-py3-none-any.whl.metadata (8.6 kB)
  Collecting MarkupSafe>=2.0 (from jinja2->torch)
    Obtaining dependency information for MarkupSafe>=2.0 from https://files.pythonhosted.org/packages/3c/2e/8d0c2ab90a8c1d9a24f0399058ab8519a3279d1bd4289511d74e909f060e/markupsafe-3.0.3-cp312-cp312-manylinux2014_x86_64.manylinux_2_17_x86_64.manylinux_2_28_x86_64.whl.metadata
    Using cached markupsafe-3.0.3-cp312-cp312-manylinux2014_x86_64.manylinux_2_17_x86_64.manylinux_2_28_x86_64.whl.metadata (2.7 kB)
  Using cached setuptools-80.9.0-py3-none-any.whl (1.2 MB)
  Using cached wheel-0.45.1-py3-none-any.whl (72 kB)
  Using cached torch-2.9.1-cp312-cp312-manylinux_2_28_x86_64.whl (899.7 MB)
  Using cached nvidia_cublas_cu12-12.8.4.1-py3-none-manylinux_2_27_x86_64.whl (594.3 MB)
  Using cached nvidia_cuda_cupti_cu12-12.8.90-py3-none-manylinux2014_x86_64.manylinux_2_17_x86_64.whl (10.2 MB)
  Using cached nvidia_cuda_nvrtc_cu12-12.8.93-py3-none-manylinux2010_x86_64.manylinux_2_12_x86_64.whl (88.0 MB)
  Using cached nvidia_cuda_runtime_cu12-12.8.90-py3-none-manylinux2014_x86_64.manylinux_2_17_x86_64.whl (954 kB)
  Using cached nvidia_cudnn_cu12-9.10.2.21-py3-none-manylinux_2_27_x86_64.whl (706.8 MB)
  Using cached nvidia_cufft_cu12-11.3.3.83-py3-none-manylinux2014_x86_64.manylinux_2_17_x86_64.whl (193.1 MB)
  Using cached nvidia_cufile_cu12-1.13.1.3-py3-none-manylinux2014_x86_64.manylinux_2_17_x86_64.whl (1.2 MB)
  Using cached nvidia_curand_cu12-10.3.9.90-py3-none-manylinux_2_27_x86_64.whl (63.6 MB)
  Using cached nvidia_cusolver_cu12-11.7.3.90-py3-none-manylinux_2_27_x86_64.whl (267.5 MB)
  Using cached nvidia_cusparse_cu12-12.5.8.93-py3-none-manylinux2014_x86_64.manylinux_2_17_x86_64.whl (288.2 MB)
  Using cached nvidia_cusparselt_cu12-0.7.1-py3-none-manylinux2014_x86_64.whl (287.2 MB)
  Using cached nvidia_nccl_cu12-2.27.5-py3-none-manylinux2014_x86_64.manylinux_2_17_x86_64.whl (322.3 MB)
  Using cached nvidia_nvjitlink_cu12-12.8.93-py3-none-manylinux2010_x86_64.manylinux_2_12_x86_64.whl (39.3 MB)
  Using cached nvidia_nvshmem_cu12-3.3.20-py3-none-manylinux2014_x86_64.manylinux_2_17_x86_64.whl (124.7 MB)
  Using cached nvidia_nvtx_cu12-12.8.90-py3-none-manylinux2014_x86_64.manylinux_2_17_x86_64.whl (89 kB)
  Using cached triton-3.5.1-cp312-cp312-manylinux_2_27_x86_64.manylinux_2_28_x86_64.whl (170.5 MB)
  Using cached numpy-2.4.0-cp312-cp312-manylinux_2_27_x86_64.manylinux_2_28_x86_64.whl (16.4 MB)
  Using cached fsspec-2025.12.0-py3-none-any.whl (201 kB)
  Using cached networkx-3.6.1-py3-none-any.whl (2.1 MB)
  Using cached sympy-1.14.0-py3-none-any.whl (6.3 MB)
  Using cached mpmath-1.3.0-py3-none-any.whl (536 kB)
  Using cached typing_extensions-4.15.0-py3-none-any.whl (44 kB)
  Using cached filelock-3.20.1-py3-none-any.whl (16 kB)
  Using cached jinja2-3.1.6-py3-none-any.whl (134 kB)
  Using cached markupsafe-3.0.3-cp312-cp312-manylinux2014_x86_64.manylinux_2_17_x86_64.manylinux_2_28_x86_64.whl (22 kB)
  Installing collected packages: nvidia-cusparselt-cu12, mpmath, wheel, typing-extensions, triton, sympy, setuptools, nvidia-nvtx-cu12, nvidia-nvshmem-cu12, nvidia-nvjitlink-cu12, nvidia-nccl-cu12, nvidia-curand-cu12, nvidia-cufile-cu12, nvidia-cuda-runtime-cu12, nvidia-cuda-nvrtc-cu12, nvidia-cuda-cupti-cu12, nvidia-cublas-cu12, numpy, networkx, MarkupSafe, fsspec, filelock, nvidia-cusparse-cu12, nvidia-cufft-cu12, nvidia-cudnn-cu12, jinja2, nvidia-cusolver-cu12, torch
    Creating /tmp/pip-build-env-h2bxexf3/overlay/bin
    changing mode of /tmp/pip-build-env-h2bxexf3/overlay/bin/wheel to 775
    changing mode of /tmp/pip-build-env-h2bxexf3/overlay/bin/proton to 775
    changing mode of /tmp/pip-build-env-h2bxexf3/overlay/bin/proton-viewer to 775
    changing mode of /tmp/pip-build-env-h2bxexf3/overlay/bin/isympy to 775
    changing mode of /tmp/pip-build-env-h2bxexf3/overlay/bin/f2py to 775
    changing mode of /tmp/pip-build-env-h2bxexf3/overlay/bin/numpy-config to 775
    changing mode of /tmp/pip-build-env-h2bxexf3/overlay/bin/torchfrtrace to 775
    changing mode of /tmp/pip-build-env-h2bxexf3/overlay/bin/torchrun to 775

  Successfully installed MarkupSafe-3.0.3 filelock-3.20.1 fsspec-2025.12.0 jinja2-3.1.6 mpmath-1.3.0 networkx-3.6.1 numpy-2.4.0 nvidia-cublas-cu12-12.8.4.1 nvidia-cuda-cupti-cu12-12.8.90 nvidia-cuda-nvrtc-cu12-12.8.93 nvidia-cuda-runtime-cu12-12.8.90 nvidia-cudnn-cu12-9.10.2.21 nvidia-cufft-cu12-11.3.3.83 nvidia-cufile-cu12-1.13.1.3 nvidia-curand-cu12-10.3.9.90 nvidia-cusolver-cu12-11.7.3.90 nvidia-cusparse-cu12-12.5.8.93 nvidia-cusparselt-cu12-0.7.1 nvidia-nccl-cu12-2.27.5 nvidia-nvjitlink-cu12-12.8.93 nvidia-nvshmem-cu12-3.3.20 nvidia-nvtx-cu12-12.8.90 setuptools-80.9.0 sympy-1.14.0 torch-2.9.1 triton-3.5.1 typing-extensions-4.15.0 wheel-0.45.1
  Installing build dependencies: finished with status 'done'
  Checking if build backend supports build_editable: started
  Running command Checking if build backend supports build_editable
  Checking if build backend supports build_editable: finished with status 'done'
  Getting requirements to build editable: started
  Running command Getting requirements to build editable
  CUDA (nvcc) not found. Building in CPU-only mode.
  Warning: CUDA files found in torch_cireg but nvcc is missing. Compiling CPU only.
  Added extension: torch_cireg (CUDA=Off)
  running egg_info
  writing cuda_kernels.egg-info/PKG-INFO
  writing dependency_links to cuda_kernels.egg-info/dependency_links.txt
  writing top-level names to cuda_kernels.egg-info/top_level.txt
  reading manifest file 'cuda_kernels.egg-info/SOURCES.txt'
  writing manifest file 'cuda_kernels.egg-info/SOURCES.txt'
  Getting requirements to build editable: finished with status 'done'
  Preparing editable metadata (pyproject.toml): started
  Running command Preparing editable metadata (pyproject.toml)
  CUDA (nvcc) not found. Building in CPU-only mode.
  Warning: CUDA files found in torch_cireg but nvcc is missing. Compiling CPU only.
  Added extension: torch_cireg (CUDA=Off)
  running dist_info
  creating /tmp/pip-modern-metadata-8i70gw68/cuda_kernels.egg-info
  writing /tmp/pip-modern-metadata-8i70gw68/cuda_kernels.egg-info/PKG-INFO
  writing dependency_links to /tmp/pip-modern-metadata-8i70gw68/cuda_kernels.egg-info/dependency_links.txt
  writing top-level names to /tmp/pip-modern-metadata-8i70gw68/cuda_kernels.egg-info/top_level.txt
  writing manifest file '/tmp/pip-modern-metadata-8i70gw68/cuda_kernels.egg-info/SOURCES.txt'
  reading manifest file '/tmp/pip-modern-metadata-8i70gw68/cuda_kernels.egg-info/SOURCES.txt'
  writing manifest file '/tmp/pip-modern-metadata-8i70gw68/cuda_kernels.egg-info/SOURCES.txt'
  creating '/tmp/pip-modern-metadata-8i70gw68/cuda_kernels-0.1.0.dist-info'
  Preparing editable metadata (pyproject.toml): finished with status 'done'
Building wheels for collected packages: cuda_kernels
  Building editable for cuda_kernels (pyproject.toml): started
  Running command Building editable for cuda_kernels (pyproject.toml)
  CUDA (nvcc) not found. Building in CPU-only mode.
  Warning: CUDA files found in torch_cireg but nvcc is missing. Compiling CPU only.
  Added extension: torch_cireg (CUDA=Off)
  running editable_wheel
  creating /tmp/pip-ephem-wheel-cache-mq5if7gj/wheels/54/1b/b7/aa63e25c8f14f4f2ae7b04e6097bdecb770e455c5c1ee0a600/tmpi1a7s859/.tmp-hdzjtzb1/cuda_kernels.egg-info
  writing /tmp/pip-ephem-wheel-cache-mq5if7gj/wheels/54/1b/b7/aa63e25c8f14f4f2ae7b04e6097bdecb770e455c5c1ee0a600/tmpi1a7s859/.tmp-hdzjtzb1/cuda_kernels.egg-info/PKG-INFO
  writing dependency_links to /tmp/pip-ephem-wheel-cache-mq5if7gj/wheels/54/1b/b7/aa63e25c8f14f4f2ae7b04e6097bdecb770e455c5c1ee0a600/tmpi1a7s859/.tmp-hdzjtzb1/cuda_kernels.egg-info/dependency_links.txt
  writing top-level names to /tmp/pip-ephem-wheel-cache-mq5if7gj/wheels/54/1b/b7/aa63e25c8f14f4f2ae7b04e6097bdecb770e455c5c1ee0a600/tmpi1a7s859/.tmp-hdzjtzb1/cuda_kernels.egg-info/top_level.txt
  writing manifest file '/tmp/pip-ephem-wheel-cache-mq5if7gj/wheels/54/1b/b7/aa63e25c8f14f4f2ae7b04e6097bdecb770e455c5c1ee0a600/tmpi1a7s859/.tmp-hdzjtzb1/cuda_kernels.egg-info/SOURCES.txt'
  reading manifest file '/tmp/pip-ephem-wheel-cache-mq5if7gj/wheels/54/1b/b7/aa63e25c8f14f4f2ae7b04e6097bdecb770e455c5c1ee0a600/tmpi1a7s859/.tmp-hdzjtzb1/cuda_kernels.egg-info/SOURCES.txt'
  writing manifest file '/tmp/pip-ephem-wheel-cache-mq5if7gj/wheels/54/1b/b7/aa63e25c8f14f4f2ae7b04e6097bdecb770e455c5c1ee0a600/tmpi1a7s859/.tmp-hdzjtzb1/cuda_kernels.egg-info/SOURCES.txt'
  creating '/tmp/pip-ephem-wheel-cache-mq5if7gj/wheels/54/1b/b7/aa63e25c8f14f4f2ae7b04e6097bdecb770e455c5c1ee0a600/tmpi1a7s859/.tmp-hdzjtzb1/cuda_kernels-0.1.0.dist-info'
  creating /tmp/pip-ephem-wheel-cache-mq5if7gj/wheels/54/1b/b7/aa63e25c8f14f4f2ae7b04e6097bdecb770e455c5c1ee0a600/tmpi1a7s859/.tmp-hdzjtzb1/cuda_kernels-0.1.0.dist-info/WHEEL
  running build_ext
  building 'torch_cireg' extension
  creating /tmp/tmp69iqcnv5.build-temp/cuda_kernels/torch_cireg
  [1/2] c++ -MMD -MF /tmp/tmp69iqcnv5.build-temp/cuda_kernels/torch_cireg/fft_cc_cpu.o.d -fno-strict-overflow -Wsign-compare -DNDEBUG -g -O3 -Wall -fPIC -I/tmp/pip-build-env-h2bxexf3/overlay/lib/python3.12/site-packages/torch/include -I/tmp/pip-build-env-h2bxexf3/overlay/lib/python3.12/site-packages/torch/include/torch/csrc/api/include -I/home/jules/.pyenv/versions/3.12.12/include/python3.12 -c -c /app/cuda_kernels/torch_cireg/fft_cc_cpu.cpp -o /tmp/tmp69iqcnv5.build-temp/cuda_kernels/torch_cireg/fft_cc_cpu.o -DTORCH_API_INCLUDE_EXTENSION_H -DTORCH_EXTENSION_NAME=torch_cireg -std=c++17
  [2/2] c++ -MMD -MF /tmp/tmp69iqcnv5.build-temp/cuda_kernels/torch_cireg/binding.o.d -fno-strict-overflow -Wsign-compare -DNDEBUG -g -O3 -Wall -fPIC -I/tmp/pip-build-env-h2bxexf3/overlay/lib/python3.12/site-packages/torch/include -I/tmp/pip-build-env-h2bxexf3/overlay/lib/python3.12/site-packages/torch/include/torch/csrc/api/include -I/home/jules/.pyenv/versions/3.12.12/include/python3.12 -c -c /app/cuda_kernels/torch_cireg/binding.cpp -o /tmp/tmp69iqcnv5.build-temp/cuda_kernels/torch_cireg/binding.o -DTORCH_API_INCLUDE_EXTENSION_H -DTORCH_EXTENSION_NAME=torch_cireg -std=c++17
  In file included from /tmp/pip-build-env-h2bxexf3/overlay/lib/python3.12/site-packages/torch/include/torch/csrc/Exceptions.h:12,
                   from /tmp/pip-build-env-h2bxexf3/overlay/lib/python3.12/site-packages/torch/include/torch/csrc/api/include/torch/python.h:11,
                   from /tmp/pip-build-env-h2bxexf3/overlay/lib/python3.12/site-packages/torch/include/torch/extension.h:9,
                   from /app/cuda_kernels/torch_cireg/binding.cpp:1:
  /tmp/pip-build-env-h2bxexf3/overlay/lib/python3.12/site-packages/torch/include/pybind11/pybind11.h: In instantiation of ‘class pybind11::class_<VeryFastNormalizedCrossCorrelation>’:
  /app/cuda_kernels/torch_cireg/binding.cpp:80:91:   required from here
  /tmp/pip-build-env-h2bxexf3/overlay/lib/python3.12/site-packages/torch/include/pybind11/pybind11.h:2041:7: warning: ‘pybind11::class_<VeryFastNormalizedCrossCorrelation>’ declared with greater visibility than its base ‘pybind11::detail::generic_type’ [-Wattributes]
   2041 | class class_ : public detail::generic_type {
        |       ^~~~~~
  /tmp/pip-build-env-h2bxexf3/overlay/lib/python3.12/site-packages/torch/include/pybind11/pybind11.h: In instantiation of ‘pybind11::class_< <template-parameter-1-1>, <template-parameter-1-2> >::class_(pybind11::handle, const char*, const Extra& ...) [with Extra = {}; type_ = VeryFastNormalizedCrossCorrelation; options = {}]’:
  /app/cuda_kernels/torch_cireg/binding.cpp:80:91:   required from here
  /tmp/pip-build-env-h2bxexf3/overlay/lib/python3.12/site-packages/torch/include/pybind11/pybind11.h:2139:28: warning: ‘pybind11::class_<VeryFastNormalizedCrossCorrelation>::class_<>(pybind11::handle, const char*)::<lambda(pybind11::detail::internals&)>’ declared with greater visibility than the type of its field ‘pybind11::class_<VeryFastNormalizedCrossCorrelation>::class_<>(pybind11::handle, const char*)::<lambda(pybind11::detail::internals&)>::<record capture>’ [-Wattributes]
   2139 |             with_internals([&](internals &internals) {
        |                            ^~~~~~~~~~~~~~~~~~~~~~~~~~~
   2140 |                 auto &instances = record.module_local ? get_local_internals().registered_types_cpp
        |                 ~~~~~~~~~~~~~~~~~~~~~~~~~~~~~~~~~~~~~~~~~~~~~~~~~~~~~~~~~~~~~~~~~~~~~~~~~~~~~~~~~~
   2141 |                                                       : internals.registered_types_cpp;
        |                                                       ~~~~~~~~~~~~~~~~~~~~~~~~~~~~~~~~~
   2142 |                 instances[std::type_index(typeid(type_alias))]
        |                 ~~~~~~~~~~~~~~~~~~~~~~~~~~~~~~~~~~~~~~~~~~~~~~
   2143 |                     = instances[std::type_index(typeid(type))];
        |                     ~~~~~~~~~~~~~~~~~~~~~~~~~~~~~~~~~~~~~~~~~~~
   2144 |             });
        |             ~
  g++ -fno-strict-overflow -Wsign-compare -DNDEBUG -g -O3 -Wall -shared -L/home/jules/.pyenv/versions/3.12.12/lib -Wl,-rpath,/home/jules/.pyenv/versions/3.12.12/lib -L/home/jules/.pyenv/versions/3.12.12/lib -Wl,-rpath,/home/jules/.pyenv/versions/3.12.12/lib /tmp/tmp69iqcnv5.build-temp/cuda_kernels/torch_cireg/binding.o /tmp/tmp69iqcnv5.build-temp/cuda_kernels/torch_cireg/fft_cc_cpu.o -L/tmp/pip-build-env-h2bxexf3/overlay/lib/python3.12/site-packages/torch/lib -L/home/jules/.pyenv/versions/3.12.12/lib -lc10 -ltorch -ltorch_cpu -ltorch_python -o /tmp/tmpth6zfd6p.build-lib/torch_cireg.cpython-312-x86_64-linux-gnu.so
  copying /tmp/tmpth6zfd6p.build-lib/torch_cireg.cpython-312-x86_64-linux-gnu.so ->
  Editable install will be performed using a meta path finder.

  Options like `package-data`, `include/exclude-package-data` or
  `packages.find.exclude/include` may have no effect.

  adding '__editable___cuda_kernels_0_1_0_finder.py'
  adding '__editable__.cuda_kernels-0.1.0.pth'
  creating '/tmp/pip-ephem-wheel-cache-mq5if7gj/wheels/54/1b/b7/aa63e25c8f14f4f2ae7b04e6097bdecb770e455c5c1ee0a600/tmpi1a7s859/.tmp-hdzjtzb1/cuda_kernels-0.1.0-0.editable-cp312-cp312-linux_x86_64.whl' and adding '/tmp/tmpvd7b9mtbcuda_kernels-0.1.0-0.editable-cp312-cp312-linux_x86_64.whl' to it
  adding 'cuda_kernels-0.1.0.dist-info/METADATA'
  adding 'cuda_kernels-0.1.0.dist-info/WHEEL'
  adding 'cuda_kernels-0.1.0.dist-info/top_level.txt'
  adding 'cuda_kernels-0.1.0.dist-info/RECORD'
  /tmp/pip-build-env-h2bxexf3/overlay/lib/python3.12/site-packages/setuptools/command/editable_wheel.py:351: InformationOnly: Editable installation.
  !!

          ********************************************************************************
          Please be careful with folders in your working directory with the same
          name as your package as they may take precedence during imports.
          ********************************************************************************

  !!
    with strategy, WheelFile(wheel_path, "w") as wheel_obj:
  Building editable for cuda_kernels (pyproject.toml): finished with status 'done'
  Created wheel for cuda_kernels: filename=cuda_kernels-0.1.0-0.editable-cp312-cp312-linux_x86_64.whl size=2757 sha256=6b9c048f8b4d9d801f70e0f6f80bb652289b743db60291778ed9d39b474cf443
  Stored in directory: /tmp/pip-ephem-wheel-cache-mq5if7gj/wheels/54/1b/b7/aa63e25c8f14f4f2ae7b04e6097bdecb770e455c5c1ee0a600
Successfully built cuda_kernels
Installing collected packages: cuda_kernels
  Attempting uninstall: cuda_kernels
    Found existing installation: cuda_kernels 0.1.0
    Uninstalling cuda_kernels-0.1.0:
      Removing file or directory /home/jules/.pyenv/versions/3.12.12/lib/python3.12/site-packages/__editable__.cuda_kernels-0.1.0.pth
      Removing file or directory /home/jules/.pyenv/versions/3.12.12/lib/python3.12/site-packages/__editable___cuda_kernels_0_1_0_finder.py
      Removing file or directory /home/jules/.pyenv/versions/3.12.12/lib/python3.12/site-packages/__pycache__/__editable___cuda_kernels_0_1_0_finder.cpython-312.pyc
      Removing file or directory /home/jules/.pyenv/versions/3.12.12/lib/python3.12/site-packages/cuda_kernels-0.1.0.dist-info/
      Successfully uninstalled cuda_kernels-0.1.0
Successfully installed cuda_kernels-0.1.0
